[debug] [2023-04-13T07:04:13.696Z] ----------------------------------------------------------------------
[debug] [2023-04-13T07:04:13.698Z] Command:       D:\usefull\softwares\node.exe C:\Users\yeshu\AppData\Roaming\npm\node_modules\firebase-tools\lib\bin\firebase.js deploy
[debug] [2023-04-13T07:04:13.698Z] CLI Version:   10.3.0
[debug] [2023-04-13T07:04:13.698Z] Platform:      win32
[debug] [2023-04-13T07:04:13.699Z] Node Version:  v18.13.0
[debug] [2023-04-13T07:04:13.700Z] Time:          Thu Apr 13 2023 12:34:13 GMT+0530 (India Standard Time)
[debug] [2023-04-13T07:04:13.700Z] ----------------------------------------------------------------------
[debug] 
[debug] [2023-04-13T07:04:13.787Z] > command requires scopes: ["email","openid","https://www.googleapis.com/auth/cloudplatformprojects.readonly","https://www.googleapis.com/auth/firebase","https://www.googleapis.com/auth/cloud-platform"]
[debug] [2023-04-13T07:04:13.787Z] > authorizing via signed-in user (flyhighdapp@gmail.com)
[debug] [2023-04-13T07:04:13.787Z] [iam] checking project flyhigh-dapp for permissions ["firebase.projects.get","firebasehosting.sites.update"]
[debug] [2023-04-13T07:04:13.789Z] > refreshing access token with scopes: []
[debug] [2023-04-13T07:04:13.789Z] >>> HTTP REQUEST POST https://www.googleapis.com/oauth2/v3/token  
 <request body omitted>
[debug] [2023-04-13T07:04:14.088Z] <<< HTTP RESPONSE 200 {"date":"Thu, 13 Apr 2023 07:04:14 GMT","cache-control":"no-cache, no-store, max-age=0, must-revalidate","pragma":"no-cache","expires":"Mon, 01 Jan 1990 00:00:00 GMT","content-type":"application/json; charset=utf-8","vary":"X-Origin, Referer, Origin,Accept-Encoding","server":"scaffolding on HTTPServer2","x-xss-protection":"0","x-frame-options":"SAMEORIGIN","x-content-type-options":"nosniff","alt-svc":"h3=\":443\"; ma=2592000,h3-29=\":443\"; ma=2592000","accept-ranges":"none","transfer-encoding":"chunked"}
[debug] [2023-04-13T07:04:14.120Z] >>> [apiv2][query] POST https://cloudresourcemanager.googleapis.com/v1/projects/flyhigh-dapp:testIamPermissions [none]
[debug] [2023-04-13T07:04:14.120Z] >>> [apiv2][body] POST https://cloudresourcemanager.googleapis.com/v1/projects/flyhigh-dapp:testIamPermissions {"permissions":["firebase.projects.get","firebasehosting.sites.update"]}
[debug] [2023-04-13T07:04:15.667Z] <<< [apiv2][status] POST https://cloudresourcemanager.googleapis.com/v1/projects/flyhigh-dapp:testIamPermissions 200
[debug] [2023-04-13T07:04:15.667Z] <<< [apiv2][body] POST https://cloudresourcemanager.googleapis.com/v1/projects/flyhigh-dapp:testIamPermissions {"permissions":["firebase.projects.get","firebasehosting.sites.update"]}
[debug] [2023-04-13T07:04:15.668Z] >>> [apiv2][query] GET https://firebase.googleapis.com/v1beta1/projects/flyhigh-dapp [none]
[debug] [2023-04-13T07:04:16.309Z] <<< [apiv2][status] GET https://firebase.googleapis.com/v1beta1/projects/flyhigh-dapp 200
[debug] [2023-04-13T07:04:16.309Z] <<< [apiv2][body] GET https://firebase.googleapis.com/v1beta1/projects/flyhigh-dapp {"projectId":"flyhigh-dapp","projectNumber":"666700204258","displayName":"Flyhigh Dapp","name":"projects/flyhigh-dapp","resources":{"hostingSite":"flyhigh-dapp"},"state":"ACTIVE","etag":"1_690fa98a-e6cc-402d-b123-543666592224"}
[info] 
[info] === Deploying to 'flyhigh-dapp'...
[info] 
[info] i  deploying hosting 
[debug] [2023-04-13T07:04:16.311Z] >>> [apiv2][query] GET https://firebase.googleapis.com/v1beta1/projects/flyhigh-dapp [none]
[debug] [2023-04-13T07:04:16.777Z] <<< [apiv2][status] GET https://firebase.googleapis.com/v1beta1/projects/flyhigh-dapp 200
[debug] [2023-04-13T07:04:16.777Z] <<< [apiv2][body] GET https://firebase.googleapis.com/v1beta1/projects/flyhigh-dapp {"projectId":"flyhigh-dapp","projectNumber":"666700204258","displayName":"Flyhigh Dapp","name":"projects/flyhigh-dapp","resources":{"hostingSite":"flyhigh-dapp"},"state":"ACTIVE","etag":"1_690fa98a-e6cc-402d-b123-543666592224"}
[debug] [2023-04-13T07:04:16.779Z] >>> [apiv2][query] POST https://firebasehosting.googleapis.com/v1beta1/projects/666700204258/sites/flyhigh-dapp/versions [none]
[debug] [2023-04-13T07:04:16.779Z] >>> [apiv2][body] POST https://firebasehosting.googleapis.com/v1beta1/projects/666700204258/sites/flyhigh-dapp/versions {"config":{"rewrites":[{"glob":"**","path":"/index.html"}]},"labels":{"deployment-tool":"cli-firebase"}}
[debug] [2023-04-13T07:04:18.555Z] <<< [apiv2][status] POST https://firebasehosting.googleapis.com/v1beta1/projects/666700204258/sites/flyhigh-dapp/versions 200
[debug] [2023-04-13T07:04:18.555Z] <<< [apiv2][body] POST https://firebasehosting.googleapis.com/v1beta1/projects/666700204258/sites/flyhigh-dapp/versions {"name":"projects/666700204258/sites/flyhigh-dapp/versions/0207d4d89b6d75d4","status":"CREATED","config":{"rewrites":[{"glob":"**","path":"/index.html"}]},"labels":{"deployment-tool":"cli-firebase"}}
[info] i  hosting[flyhigh-dapp]: beginning deploy... 
[info] i  hosting[flyhigh-dapp]: found 20 files in dist/flyhigh 
[debug] [2023-04-13T07:04:18.674Z] [hosting] hash cache [ZGlzdFxmbHloaWdo] stored for 20 files
[debug] [2023-04-13T07:04:18.674Z] [hosting][hash queue][FINAL] {"max":73,"min":4,"avg":38,"active":0,"complete":20,"success":20,"errored":0,"retried":0,"total":20,"elapsed":77}
[debug] [2023-04-13T07:04:18.675Z] >>> [apiv2][query] POST https://firebasehosting.googleapis.com/v1beta1/projects/666700204258/sites/flyhigh-dapp/versions/0207d4d89b6d75d4:populateFiles [none]
[debug] [2023-04-13T07:04:18.675Z] >>> [apiv2][body] POST https://firebasehosting.googleapis.com/v1beta1/projects/666700204258/sites/flyhigh-dapp/versions/0207d4d89b6d75d4:populateFiles {"files":{"/favicon.ico":"2c19690e9587bae12f419b34d2edeecc76808099540a9c9f4ea6194116cfc8f7","/styles.ef46db3751d8e999.css":"46b50c321b39e89a491b6727a01628c34245605a30beb3e7414c5e01cff90e6e","/3rdpartylicenses.txt":"7eeecc9e1ec032e002541a9f5593591bdab99ac80a0dcfb4396622b1f56e72b8","/index.html":"bf19fb65a7190200a13ca66af3b2ea91bce8389560f99d4f256a82ab7f752176","/runtime.d0685953c98ecdf4.js":"4c2626ab05c5b49f461ac1bc9dbfe1b8c92776f80f35516628b4c03d26386e71","/polyfills.aec9bc13f048a328.js":"54aa23194e5ce35c9979325381dbe5ac60427f78789ddb65de79237999ddd876","/assets/logo.jpg":"3fc96e1b3252a940246f44e1d795538fea386cc95cfcd54e21ad70bfa6d43ec7","/main.f283fdc7d83b133b.js":"4ce59f6e6b3bb77b8b61e66e5cc51dbc6f8092c847900bb9d37357d663f64913","/assets/Flyhigh/7.jpg":"bf6bc4f653d312fc236ea510d8b38bafee107893044c1cd1b5d46241b59293ec","/assets/Flyhigh/5.jpg":"420b9513f260413e76831f82d3fe398e0f2c8d25f5d4649afc988e087b15ed1b","/assets/Flyhigh/1.jpg":"141b34b3fa4bef8f4a89c278d0dc4a6ace01c0ce8e0d8ff63ff403475c48ee87","/assets/Flyhigh/11.jpg":"a44c22a0bf37cc0dae247051c433e4995dc3429939c47226d1098ef8fd2ebb9d","/assets/Flyhigh/9.jpg":"8973bdc664ce3769fdc74981d08643e4d5f317a556e2398222c6b4a0179aae80","/assets/Flyhigh/10.jpg":"ecca008e6359f71f2c2814c0e400b1df38ac852325a9e7c231d58560c539a821","/assets/Flyhigh/3.jpg":"582b20ff566edf89ec12dbf1e45969b7af7dbd5070043b5643939c0971f615a2","/assets/Flyhigh/8.jpg":"2405ad4aa48790b841d962989e12e3c43407d50a0fcbeb46ff19089bc1a6304d","/assets/Flyhigh/6.jpg":"ea8e4c31307b44256ff1e1f220aa0dfd55647310a57fb32a8d5c62e3047ad82c","/assets/Flyhigh/4.jpg":"f8a0c643f757e0e71212f6bbd7a3ae9ceccae72d9180920542e661a1751457f1","/assets/Flyhigh/2.jpg":"e47626fde952948607c09d0af4799a48ada7ae172c781e174265a973370737c1","/assets/FlyHigh with NFT.pdf":"ea3b6e1fd7563785097f2fcb640f22e070f316cbf2d25145eea9c53f98b58e34"}}
[debug] [2023-04-13T07:04:20.038Z] <<< [apiv2][status] POST https://firebasehosting.googleapis.com/v1beta1/projects/666700204258/sites/flyhigh-dapp/versions/0207d4d89b6d75d4:populateFiles 200
[debug] [2023-04-13T07:04:20.039Z] <<< [apiv2][body] POST https://firebasehosting.googleapis.com/v1beta1/projects/666700204258/sites/flyhigh-dapp/versions/0207d4d89b6d75d4:populateFiles {"uploadRequiredHashes":["141b34b3fa4bef8f4a89c278d0dc4a6ace01c0ce8e0d8ff63ff403475c48ee87","8973bdc664ce3769fdc74981d08643e4d5f317a556e2398222c6b4a0179aae80","ecca008e6359f71f2c2814c0e400b1df38ac852325a9e7c231d58560c539a821","420b9513f260413e76831f82d3fe398e0f2c8d25f5d4649afc988e087b15ed1b","4ce59f6e6b3bb77b8b61e66e5cc51dbc6f8092c847900bb9d37357d663f64913","e47626fde952948607c09d0af4799a48ada7ae172c781e174265a973370737c1","f8a0c643f757e0e71212f6bbd7a3ae9ceccae72d9180920542e661a1751457f1","ea3b6e1fd7563785097f2fcb640f22e070f316cbf2d25145eea9c53f98b58e34","bf19fb65a7190200a13ca66af3b2ea91bce8389560f99d4f256a82ab7f752176","2405ad4aa48790b841d962989e12e3c43407d50a0fcbeb46ff19089bc1a6304d","582b20ff566edf89ec12dbf1e45969b7af7dbd5070043b5643939c0971f615a2","3fc96e1b3252a940246f44e1d795538fea386cc95cfcd54e21ad70bfa6d43ec7","bf6bc4f653d312fc236ea510d8b38bafee107893044c1cd1b5d46241b59293ec","a44c22a0bf37cc0dae247051c433e4995dc3429939c47226d1098ef8fd2ebb9d","ea8e4c31307b44256ff1e1f220aa0dfd55647310a57fb32a8d5c62e3047ad82c"],"uploadUrl":"https://upload-firebasehosting.googleapis.com/upload/sites/flyhigh-dapp/versions/0207d4d89b6d75d4/files"}
[debug] [2023-04-13T07:04:20.041Z] >>> [apiv2][query] POST https://upload-firebasehosting.googleapis.com/upload/sites/flyhigh-dapp/versions/0207d4d89b6d75d4/files/141b34b3fa4bef8f4a89c278d0dc4a6ace01c0ce8e0d8ff63ff403475c48ee87 [none]
[debug] [2023-04-13T07:04:20.041Z] >>> [apiv2][body] POST https://upload-firebasehosting.googleapis.com/upload/sites/flyhigh-dapp/versions/0207d4d89b6d75d4/files/141b34b3fa4bef8f4a89c278d0dc4a6ace01c0ce8e0d8ff63ff403475c48ee87 [stream]
[debug] [2023-04-13T07:04:20.042Z] >>> [apiv2][query] POST https://upload-firebasehosting.googleapis.com/upload/sites/flyhigh-dapp/versions/0207d4d89b6d75d4/files/8973bdc664ce3769fdc74981d08643e4d5f317a556e2398222c6b4a0179aae80 [none]
[debug] [2023-04-13T07:04:20.042Z] >>> [apiv2][body] POST https://upload-firebasehosting.googleapis.com/upload/sites/flyhigh-dapp/versions/0207d4d89b6d75d4/files/8973bdc664ce3769fdc74981d08643e4d5f317a556e2398222c6b4a0179aae80 [stream]
[debug] [2023-04-13T07:04:20.043Z] >>> [apiv2][query] POST https://upload-firebasehosting.googleapis.com/upload/sites/flyhigh-dapp/versions/0207d4d89b6d75d4/files/ecca008e6359f71f2c2814c0e400b1df38ac852325a9e7c231d58560c539a821 [none]
[debug] [2023-04-13T07:04:20.043Z] >>> [apiv2][body] POST https://upload-firebasehosting.googleapis.com/upload/sites/flyhigh-dapp/versions/0207d4d89b6d75d4/files/ecca008e6359f71f2c2814c0e400b1df38ac852325a9e7c231d58560c539a821 [stream]
[debug] [2023-04-13T07:04:20.044Z] >>> [apiv2][query] POST https://upload-firebasehosting.googleapis.com/upload/sites/flyhigh-dapp/versions/0207d4d89b6d75d4/files/420b9513f260413e76831f82d3fe398e0f2c8d25f5d4649afc988e087b15ed1b [none]
[debug] [2023-04-13T07:04:20.044Z] >>> [apiv2][body] POST https://upload-firebasehosting.googleapis.com/upload/sites/flyhigh-dapp/versions/0207d4d89b6d75d4/files/420b9513f260413e76831f82d3fe398e0f2c8d25f5d4649afc988e087b15ed1b [stream]
[debug] [2023-04-13T07:04:20.045Z] >>> [apiv2][query] POST https://upload-firebasehosting.googleapis.com/upload/sites/flyhigh-dapp/versions/0207d4d89b6d75d4/files/4ce59f6e6b3bb77b8b61e66e5cc51dbc6f8092c847900bb9d37357d663f64913 [none]
[debug] [2023-04-13T07:04:20.045Z] >>> [apiv2][body] POST https://upload-firebasehosting.googleapis.com/upload/sites/flyhigh-dapp/versions/0207d4d89b6d75d4/files/4ce59f6e6b3bb77b8b61e66e5cc51dbc6f8092c847900bb9d37357d663f64913 [stream]
[debug] [2023-04-13T07:04:20.046Z] >>> [apiv2][query] POST https://upload-firebasehosting.googleapis.com/upload/sites/flyhigh-dapp/versions/0207d4d89b6d75d4/files/e47626fde952948607c09d0af4799a48ada7ae172c781e174265a973370737c1 [none]
[debug] [2023-04-13T07:04:20.046Z] >>> [apiv2][body] POST https://upload-firebasehosting.googleapis.com/upload/sites/flyhigh-dapp/versions/0207d4d89b6d75d4/files/e47626fde952948607c09d0af4799a48ada7ae172c781e174265a973370737c1 [stream]
[debug] [2023-04-13T07:04:20.047Z] >>> [apiv2][query] POST https://upload-firebasehosting.googleapis.com/upload/sites/flyhigh-dapp/versions/0207d4d89b6d75d4/files/f8a0c643f757e0e71212f6bbd7a3ae9ceccae72d9180920542e661a1751457f1 [none]
[debug] [2023-04-13T07:04:20.047Z] >>> [apiv2][body] POST https://upload-firebasehosting.googleapis.com/upload/sites/flyhigh-dapp/versions/0207d4d89b6d75d4/files/f8a0c643f757e0e71212f6bbd7a3ae9ceccae72d9180920542e661a1751457f1 [stream]
[debug] [2023-04-13T07:04:20.048Z] >>> [apiv2][query] POST https://upload-firebasehosting.googleapis.com/upload/sites/flyhigh-dapp/versions/0207d4d89b6d75d4/files/ea3b6e1fd7563785097f2fcb640f22e070f316cbf2d25145eea9c53f98b58e34 [none]
[debug] [2023-04-13T07:04:20.048Z] >>> [apiv2][body] POST https://upload-firebasehosting.googleapis.com/upload/sites/flyhigh-dapp/versions/0207d4d89b6d75d4/files/ea3b6e1fd7563785097f2fcb640f22e070f316cbf2d25145eea9c53f98b58e34 [stream]
[debug] [2023-04-13T07:04:20.048Z] >>> [apiv2][query] POST https://upload-firebasehosting.googleapis.com/upload/sites/flyhigh-dapp/versions/0207d4d89b6d75d4/files/bf19fb65a7190200a13ca66af3b2ea91bce8389560f99d4f256a82ab7f752176 [none]
[debug] [2023-04-13T07:04:20.048Z] >>> [apiv2][body] POST https://upload-firebasehosting.googleapis.com/upload/sites/flyhigh-dapp/versions/0207d4d89b6d75d4/files/bf19fb65a7190200a13ca66af3b2ea91bce8389560f99d4f256a82ab7f752176 [stream]
[debug] [2023-04-13T07:04:20.049Z] >>> [apiv2][query] POST https://upload-firebasehosting.googleapis.com/upload/sites/flyhigh-dapp/versions/0207d4d89b6d75d4/files/2405ad4aa48790b841d962989e12e3c43407d50a0fcbeb46ff19089bc1a6304d [none]
[debug] [2023-04-13T07:04:20.049Z] >>> [apiv2][body] POST https://upload-firebasehosting.googleapis.com/upload/sites/flyhigh-dapp/versions/0207d4d89b6d75d4/files/2405ad4aa48790b841d962989e12e3c43407d50a0fcbeb46ff19089bc1a6304d [stream]
[debug] [2023-04-13T07:04:20.050Z] >>> [apiv2][query] POST https://upload-firebasehosting.googleapis.com/upload/sites/flyhigh-dapp/versions/0207d4d89b6d75d4/files/582b20ff566edf89ec12dbf1e45969b7af7dbd5070043b5643939c0971f615a2 [none]
[debug] [2023-04-13T07:04:20.050Z] >>> [apiv2][body] POST https://upload-firebasehosting.googleapis.com/upload/sites/flyhigh-dapp/versions/0207d4d89b6d75d4/files/582b20ff566edf89ec12dbf1e45969b7af7dbd5070043b5643939c0971f615a2 [stream]
[debug] [2023-04-13T07:04:20.051Z] >>> [apiv2][query] POST https://upload-firebasehosting.googleapis.com/upload/sites/flyhigh-dapp/versions/0207d4d89b6d75d4/files/3fc96e1b3252a940246f44e1d795538fea386cc95cfcd54e21ad70bfa6d43ec7 [none]
[debug] [2023-04-13T07:04:20.051Z] >>> [apiv2][body] POST https://upload-firebasehosting.googleapis.com/upload/sites/flyhigh-dapp/versions/0207d4d89b6d75d4/files/3fc96e1b3252a940246f44e1d795538fea386cc95cfcd54e21ad70bfa6d43ec7 [stream]
[debug] [2023-04-13T07:04:20.051Z] >>> [apiv2][query] POST https://upload-firebasehosting.googleapis.com/upload/sites/flyhigh-dapp/versions/0207d4d89b6d75d4/files/bf6bc4f653d312fc236ea510d8b38bafee107893044c1cd1b5d46241b59293ec [none]
[debug] [2023-04-13T07:04:20.051Z] >>> [apiv2][body] POST https://upload-firebasehosting.googleapis.com/upload/sites/flyhigh-dapp/versions/0207d4d89b6d75d4/files/bf6bc4f653d312fc236ea510d8b38bafee107893044c1cd1b5d46241b59293ec [stream]
[debug] [2023-04-13T07:04:20.052Z] >>> [apiv2][query] POST https://upload-firebasehosting.googleapis.com/upload/sites/flyhigh-dapp/versions/0207d4d89b6d75d4/files/a44c22a0bf37cc0dae247051c433e4995dc3429939c47226d1098ef8fd2ebb9d [none]
[debug] [2023-04-13T07:04:20.052Z] >>> [apiv2][body] POST https://upload-firebasehosting.googleapis.com/upload/sites/flyhigh-dapp/versions/0207d4d89b6d75d4/files/a44c22a0bf37cc0dae247051c433e4995dc3429939c47226d1098ef8fd2ebb9d [stream]
[debug] [2023-04-13T07:04:20.053Z] >>> [apiv2][query] POST https://upload-firebasehosting.googleapis.com/upload/sites/flyhigh-dapp/versions/0207d4d89b6d75d4/files/ea8e4c31307b44256ff1e1f220aa0dfd55647310a57fb32a8d5c62e3047ad82c [none]
[debug] [2023-04-13T07:04:20.053Z] >>> [apiv2][body] POST https://upload-firebasehosting.googleapis.com/upload/sites/flyhigh-dapp/versions/0207d4d89b6d75d4/files/ea8e4c31307b44256ff1e1f220aa0dfd55647310a57fb32a8d5c62e3047ad82c [stream]
[debug] [2023-04-13T07:04:20.054Z] [hosting][populate queue][FINAL] {"max":1368,"min":1368,"avg":1368,"active":0,"complete":1,"success":1,"errored":0,"retried":0,"total":1,"elapsed":1381}
[debug] [2023-04-13T07:04:20.054Z] [hosting] uploads queued: 15
[debug] [2023-04-13T07:04:21.690Z] <<< [apiv2][status] POST https://upload-firebasehosting.googleapis.com/upload/sites/flyhigh-dapp/versions/0207d4d89b6d75d4/files/bf19fb65a7190200a13ca66af3b2ea91bce8389560f99d4f256a82ab7f752176 200
[debug] [2023-04-13T07:04:21.691Z] <<< [apiv2][body] POST https://upload-firebasehosting.googleapis.com/upload/sites/flyhigh-dapp/versions/0207d4d89b6d75d4/files/bf19fb65a7190200a13ca66af3b2ea91bce8389560f99d4f256a82ab7f752176 [stream]
[debug] [2023-04-13T07:04:21.717Z] <<< [apiv2][status] POST https://upload-firebasehosting.googleapis.com/upload/sites/flyhigh-dapp/versions/0207d4d89b6d75d4/files/3fc96e1b3252a940246f44e1d795538fea386cc95cfcd54e21ad70bfa6d43ec7 200
[debug] [2023-04-13T07:04:21.717Z] <<< [apiv2][body] POST https://upload-firebasehosting.googleapis.com/upload/sites/flyhigh-dapp/versions/0207d4d89b6d75d4/files/3fc96e1b3252a940246f44e1d795538fea386cc95cfcd54e21ad70bfa6d43ec7 [stream]
[debug] [2023-04-13T07:04:21.833Z] <<< [apiv2][status] POST https://upload-firebasehosting.googleapis.com/upload/sites/flyhigh-dapp/versions/0207d4d89b6d75d4/files/420b9513f260413e76831f82d3fe398e0f2c8d25f5d4649afc988e087b15ed1b 200
[debug] [2023-04-13T07:04:21.833Z] <<< [apiv2][body] POST https://upload-firebasehosting.googleapis.com/upload/sites/flyhigh-dapp/versions/0207d4d89b6d75d4/files/420b9513f260413e76831f82d3fe398e0f2c8d25f5d4649afc988e087b15ed1b [stream]
[debug] [2023-04-13T07:04:21.868Z] <<< [apiv2][status] POST https://upload-firebasehosting.googleapis.com/upload/sites/flyhigh-dapp/versions/0207d4d89b6d75d4/files/4ce59f6e6b3bb77b8b61e66e5cc51dbc6f8092c847900bb9d37357d663f64913 200
[debug] [2023-04-13T07:04:21.868Z] <<< [apiv2][body] POST https://upload-firebasehosting.googleapis.com/upload/sites/flyhigh-dapp/versions/0207d4d89b6d75d4/files/4ce59f6e6b3bb77b8b61e66e5cc51dbc6f8092c847900bb9d37357d663f64913 [stream]
[debug] [2023-04-13T07:04:21.868Z] <<< [apiv2][status] POST https://upload-firebasehosting.googleapis.com/upload/sites/flyhigh-dapp/versions/0207d4d89b6d75d4/files/2405ad4aa48790b841d962989e12e3c43407d50a0fcbeb46ff19089bc1a6304d 200
[debug] [2023-04-13T07:04:21.868Z] <<< [apiv2][body] POST https://upload-firebasehosting.googleapis.com/upload/sites/flyhigh-dapp/versions/0207d4d89b6d75d4/files/2405ad4aa48790b841d962989e12e3c43407d50a0fcbeb46ff19089bc1a6304d [stream]
[debug] [2023-04-13T07:04:21.878Z] <<< [apiv2][status] POST https://upload-firebasehosting.googleapis.com/upload/sites/flyhigh-dapp/versions/0207d4d89b6d75d4/files/ecca008e6359f71f2c2814c0e400b1df38ac852325a9e7c231d58560c539a821 200
[debug] [2023-04-13T07:04:21.878Z] <<< [apiv2][body] POST https://upload-firebasehosting.googleapis.com/upload/sites/flyhigh-dapp/versions/0207d4d89b6d75d4/files/ecca008e6359f71f2c2814c0e400b1df38ac852325a9e7c231d58560c539a821 [stream]
[debug] [2023-04-13T07:04:21.881Z] <<< [apiv2][status] POST https://upload-firebasehosting.googleapis.com/upload/sites/flyhigh-dapp/versions/0207d4d89b6d75d4/files/8973bdc664ce3769fdc74981d08643e4d5f317a556e2398222c6b4a0179aae80 200
[debug] [2023-04-13T07:04:21.881Z] <<< [apiv2][body] POST https://upload-firebasehosting.googleapis.com/upload/sites/flyhigh-dapp/versions/0207d4d89b6d75d4/files/8973bdc664ce3769fdc74981d08643e4d5f317a556e2398222c6b4a0179aae80 [stream]
[debug] [2023-04-13T07:04:21.884Z] <<< [apiv2][status] POST https://upload-firebasehosting.googleapis.com/upload/sites/flyhigh-dapp/versions/0207d4d89b6d75d4/files/141b34b3fa4bef8f4a89c278d0dc4a6ace01c0ce8e0d8ff63ff403475c48ee87 200
[debug] [2023-04-13T07:04:21.884Z] <<< [apiv2][body] POST https://upload-firebasehosting.googleapis.com/upload/sites/flyhigh-dapp/versions/0207d4d89b6d75d4/files/141b34b3fa4bef8f4a89c278d0dc4a6ace01c0ce8e0d8ff63ff403475c48ee87 [stream]
[debug] [2023-04-13T07:04:21.903Z] <<< [apiv2][status] POST https://upload-firebasehosting.googleapis.com/upload/sites/flyhigh-dapp/versions/0207d4d89b6d75d4/files/bf6bc4f653d312fc236ea510d8b38bafee107893044c1cd1b5d46241b59293ec 200
[debug] [2023-04-13T07:04:21.904Z] <<< [apiv2][body] POST https://upload-firebasehosting.googleapis.com/upload/sites/flyhigh-dapp/versions/0207d4d89b6d75d4/files/bf6bc4f653d312fc236ea510d8b38bafee107893044c1cd1b5d46241b59293ec [stream]
[debug] [2023-04-13T07:04:21.912Z] <<< [apiv2][status] POST https://upload-firebasehosting.googleapis.com/upload/sites/flyhigh-dapp/versions/0207d4d89b6d75d4/files/a44c22a0bf37cc0dae247051c433e4995dc3429939c47226d1098ef8fd2ebb9d 200
[debug] [2023-04-13T07:04:21.912Z] <<< [apiv2][body] POST https://upload-firebasehosting.googleapis.com/upload/sites/flyhigh-dapp/versions/0207d4d89b6d75d4/files/a44c22a0bf37cc0dae247051c433e4995dc3429939c47226d1098ef8fd2ebb9d [stream]
[debug] [2023-04-13T07:04:21.934Z] <<< [apiv2][status] POST https://upload-firebasehosting.googleapis.com/upload/sites/flyhigh-dapp/versions/0207d4d89b6d75d4/files/f8a0c643f757e0e71212f6bbd7a3ae9ceccae72d9180920542e661a1751457f1 200
[debug] [2023-04-13T07:04:21.934Z] <<< [apiv2][body] POST https://upload-firebasehosting.googleapis.com/upload/sites/flyhigh-dapp/versions/0207d4d89b6d75d4/files/f8a0c643f757e0e71212f6bbd7a3ae9ceccae72d9180920542e661a1751457f1 [stream]
[debug] [2023-04-13T07:04:21.954Z] <<< [apiv2][status] POST https://upload-firebasehosting.googleapis.com/upload/sites/flyhigh-dapp/versions/0207d4d89b6d75d4/files/e47626fde952948607c09d0af4799a48ada7ae172c781e174265a973370737c1 200
[debug] [2023-04-13T07:04:21.954Z] <<< [apiv2][body] POST https://upload-firebasehosting.googleapis.com/upload/sites/flyhigh-dapp/versions/0207d4d89b6d75d4/files/e47626fde952948607c09d0af4799a48ada7ae172c781e174265a973370737c1 [stream]
[debug] [2023-04-13T07:04:22.107Z] <<< [apiv2][status] POST https://upload-firebasehosting.googleapis.com/upload/sites/flyhigh-dapp/versions/0207d4d89b6d75d4/files/ea8e4c31307b44256ff1e1f220aa0dfd55647310a57fb32a8d5c62e3047ad82c 200
[debug] [2023-04-13T07:04:22.107Z] <<< [apiv2][body] POST https://upload-firebasehosting.googleapis.com/upload/sites/flyhigh-dapp/versions/0207d4d89b6d75d4/files/ea8e4c31307b44256ff1e1f220aa0dfd55647310a57fb32a8d5c62e3047ad82c [stream]
[debug] [2023-04-13T07:04:22.118Z] <<< [apiv2][status] POST https://upload-firebasehosting.googleapis.com/upload/sites/flyhigh-dapp/versions/0207d4d89b6d75d4/files/ea3b6e1fd7563785097f2fcb640f22e070f316cbf2d25145eea9c53f98b58e34 200
[debug] [2023-04-13T07:04:22.119Z] <<< [apiv2][body] POST https://upload-firebasehosting.googleapis.com/upload/sites/flyhigh-dapp/versions/0207d4d89b6d75d4/files/ea3b6e1fd7563785097f2fcb640f22e070f316cbf2d25145eea9c53f98b58e34 [stream]
[debug] [2023-04-13T07:04:22.459Z] <<< [apiv2][status] POST https://upload-firebasehosting.googleapis.com/upload/sites/flyhigh-dapp/versions/0207d4d89b6d75d4/files/582b20ff566edf89ec12dbf1e45969b7af7dbd5070043b5643939c0971f615a2 200
[debug] [2023-04-13T07:04:22.460Z] <<< [apiv2][body] POST https://upload-firebasehosting.googleapis.com/upload/sites/flyhigh-dapp/versions/0207d4d89b6d75d4/files/582b20ff566edf89ec12dbf1e45969b7af7dbd5070043b5643939c0971f615a2 [stream]
[debug] [2023-04-13T07:04:22.460Z] [hosting][upload queue][FINAL] {"max":2420,"min":1651,"avg":1894.2666666666667,"active":0,"complete":15,"success":15,"errored":0,"retried":0,"total":15,"elapsed":2421}
[info] +  hosting[flyhigh-dapp]: file upload complete 
[debug] [2023-04-13T07:04:22.460Z] [hosting] deploy completed after 3904ms
[debug] [2023-04-13T07:04:22.463Z] [
  {
    "config": {
      "public": "dist/flyhigh",
      "ignore": [
        "firebase.json",
        "**/.*",
        "**/node_modules/**"
      ],
      "rewrites": [
        {
          "source": "**",
          "destination": "/index.html"
        }
      ],
      "site": "flyhigh-dapp"
    },
    "site": "flyhigh-dapp",
    "version": "projects/666700204258/sites/flyhigh-dapp/versions/0207d4d89b6d75d4"
  }
]
[info] i  hosting[flyhigh-dapp]: finalizing version... 
[debug] [2023-04-13T07:04:22.464Z] >>> [apiv2][query] PATCH https://firebasehosting.googleapis.com/v1beta1/projects/666700204258/sites/flyhigh-dapp/versions/0207d4d89b6d75d4 updateMask=status
[debug] [2023-04-13T07:04:22.464Z] >>> [apiv2][body] PATCH https://firebasehosting.googleapis.com/v1beta1/projects/666700204258/sites/flyhigh-dapp/versions/0207d4d89b6d75d4 {"status":"FINALIZED"}
[debug] [2023-04-13T07:04:23.927Z] <<< [apiv2][status] PATCH https://firebasehosting.googleapis.com/v1beta1/projects/666700204258/sites/flyhigh-dapp/versions/0207d4d89b6d75d4 200
[debug] [2023-04-13T07:04:23.927Z] <<< [apiv2][body] PATCH https://firebasehosting.googleapis.com/v1beta1/projects/666700204258/sites/flyhigh-dapp/versions/0207d4d89b6d75d4 {"name":"projects/666700204258/sites/flyhigh-dapp/versions/0207d4d89b6d75d4","status":"FINALIZED","config":{"rewrites":[{"glob":"**","path":"/index.html"}]},"labels":{"deployment-tool":"cli-firebase"},"createTime":"2023-04-13T07:04:17.789867Z","createUser":{"email":"flyhighdapp@gmail.com"},"finalizeTime":"2023-04-13T07:04:23.675084Z","finalizeUser":{"email":"flyhighdapp@gmail.com"}}
[debug] [2023-04-13T07:04:23.927Z] [hosting] finalized version for flyhigh-dapp:[object Object]
[info] +  hosting[flyhigh-dapp]: version finalized 
[info] i  hosting[flyhigh-dapp]: releasing new version... 
[debug] [2023-04-13T07:04:23.928Z] >>> [apiv2][query] POST https://firebasehosting.googleapis.com/v1beta1/projects/666700204258/sites/flyhigh-dapp/releases versionName=projects%2F666700204258%2Fsites%2Fflyhigh-dapp%2Fversions%2F0207d4d89b6d75d4
[debug] [2023-04-13T07:04:23.928Z] >>> [apiv2][body] POST https://firebasehosting.googleapis.com/v1beta1/projects/666700204258/sites/flyhigh-dapp/releases {"message":null}
